  [4;36;1mSQL (0.2ms)[0m   [0;1mSET client_min_messages TO 'panic'[0m
  [4;35;1mSQL (0.1ms)[0m   [0mSET client_min_messages TO 'error'[0m
  [4;36;1mSQL (51.7ms)[0m   [0;1mCREATE TABLE "schema_migrations" ("version" character varying(255) NOT NULL) [0m
  [4;35;1mSQL (54.8ms)[0m   [0mCREATE UNIQUE INDEX "unique_schema_migrations" ON "schema_migrations" ("version")[0m
  [4;36;1mSQL (0.3ms)[0m   [0;1mSELECT version FROM schema_migrations[0m
Migrating to CreateUsers (20090819193931)
  [4;35;1mSQL (0.1ms)[0m   [0mBEGIN[0m
  [4;36;1mSQL (135.0ms)[0m   [0;1mCREATE TABLE "users" ("id" serial primary key, "username" character varying(255), "email" character varying(255), "crypted_password" character varying(255), "password_salt" character varying(255), "pesistence_token" character varying(255), "created_at" timestamp, "updated_at" timestamp) [0m
  [4;35;1mSQL (3.3ms)[0m   [0mINSERT INTO schema_migrations (version) VALUES ('20090819193931')[0m
  [4;36;1mSQL (1.3ms)[0m   [0;1mCOMMIT[0m
  [4;35;1mSQL (0.2ms)[0m   [0mSELECT version FROM schema_migrations[0m
  [4;36;1mSQL (0.2ms)[0m   [0;1mSET client_min_messages TO 'panic'[0m
  [4;35;1mSQL (0.1ms)[0m   [0mSET client_min_messages TO 'error'[0m
  [4;36;1mSQL (0.5ms)[0m   [0;1mSELECT version FROM schema_migrations[0m
Migrating to CreateUsers (20090819193931)
  [4;35;1mSQL (0.2ms)[0m   [0mSELECT version FROM schema_migrations[0m
  [4;36;1mSQL (0.3ms)[0m   [0;1mSET client_min_messages TO 'panic'[0m
  [4;35;1mSQL (0.1ms)[0m   [0mSET client_min_messages TO 'error'[0m


Processing ApplicationController#index (for 127.0.0.1 at 2009-08-26 14:20:47) [GET]

NoMethodError (undefined method `camelize' for :projects:Symbol):
  /usr/lib/ruby/1.8/webrick/httpserver.rb:104:in `service'
  /usr/lib/ruby/1.8/webrick/httpserver.rb:65:in `run'
  /usr/lib/ruby/1.8/webrick/server.rb:173:in `start_thread'
  /usr/lib/ruby/1.8/webrick/server.rb:162:in `start'
  /usr/lib/ruby/1.8/webrick/server.rb:162:in `start_thread'
  /usr/lib/ruby/1.8/webrick/server.rb:95:in `start'
  /usr/lib/ruby/1.8/webrick/server.rb:92:in `each'
  /usr/lib/ruby/1.8/webrick/server.rb:92:in `start'
  /usr/lib/ruby/1.8/webrick/server.rb:23:in `start'
  /usr/lib/ruby/1.8/webrick/server.rb:82:in `start'

/!\ FAILSAFE /!\  Wed Aug 26 14:20:48 -0400 2009
  Status: 500 Internal Server Error
  
ActionView::TemplateError (undefined method `humanize' for :projects:Symbol) in /usr/lib/ruby/gems/1.8/gems/actionpack-2.3.2/lib/action_controller/templates/rescues/diagnostics.erb:

    /usr/lib/ruby/1.8/webrick/httpserver.rb:104:in `service'
    /usr/lib/ruby/1.8/webrick/httpserver.rb:65:in `run'
    /usr/lib/ruby/1.8/webrick/server.rb:173:in `start_thread'
    /usr/lib/ruby/1.8/webrick/server.rb:162:in `start'
    /usr/lib/ruby/1.8/webrick/server.rb:162:in `start_thread'
    /usr/lib/ruby/1.8/webrick/server.rb:95:in `start'
    /usr/lib/ruby/1.8/webrick/server.rb:92:in `each'
    /usr/lib/ruby/1.8/webrick/server.rb:92:in `start'
    /usr/lib/ruby/1.8/webrick/server.rb:23:in `start'
    /usr/lib/ruby/1.8/webrick/server.rb:82:in `start'


    In /usr/lib/ruby/gems/1.8/gems/actionpack-2.3.2/lib/action_controller/templates/rescues/diagnostics.erb


    /usr/lib/ruby/1.8/webrick/httpserver.rb:104:in `service'
    /usr/lib/ruby/1.8/webrick/httpserver.rb:65:in `run'
    /usr/lib/ruby/1.8/webrick/server.rb:173:in `start_thread'
    /usr/lib/ruby/1.8/webrick/server.rb:162:in `start'
    /usr/lib/ruby/1.8/webrick/server.rb:162:in `start_thread'
    /usr/lib/ruby/1.8/webrick/server.rb:95:in `start'
    /usr/lib/ruby/1.8/webrick/server.rb:92:in `each'
    /usr/lib/ruby/1.8/webrick/server.rb:92:in `start'
    /usr/lib/ruby/1.8/webrick/server.rb:23:in `start'
    /usr/lib/ruby/1.8/webrick/server.rb:82:in `start'
  [4;36;1mSQL (0.1ms)[0m   [0;1mSET client_min_messages TO 'panic'[0m
  [4;35;1mSQL (0.1ms)[0m   [0mSET client_min_messages TO 'error'[0m


Processing ApplicationController#index (for 127.0.0.1 at 2009-08-26 14:22:59) [GET]

NoMethodError (undefined method `camelize' for :projects:Symbol):
  /usr/lib/ruby/1.8/webrick/httpserver.rb:104:in `service'
  /usr/lib/ruby/1.8/webrick/httpserver.rb:65:in `run'
  /usr/lib/ruby/1.8/webrick/server.rb:173:in `start_thread'
  /usr/lib/ruby/1.8/webrick/server.rb:162:in `start'
  /usr/lib/ruby/1.8/webrick/server.rb:162:in `start_thread'
  /usr/lib/ruby/1.8/webrick/server.rb:95:in `start'
  /usr/lib/ruby/1.8/webrick/server.rb:92:in `each'
  /usr/lib/ruby/1.8/webrick/server.rb:92:in `start'
  /usr/lib/ruby/1.8/webrick/server.rb:23:in `start'
  /usr/lib/ruby/1.8/webrick/server.rb:82:in `start'

/!\ FAILSAFE /!\  Wed Aug 26 14:22:59 -0400 2009
  Status: 500 Internal Server Error
  
ActionView::TemplateError (undefined method `humanize' for :projects:Symbol) in /usr/lib/ruby/gems/1.8/gems/actionpack-2.3.2/lib/action_controller/templates/rescues/diagnostics.erb:

    /usr/lib/ruby/1.8/webrick/httpserver.rb:104:in `service'
    /usr/lib/ruby/1.8/webrick/httpserver.rb:65:in `run'
    /usr/lib/ruby/1.8/webrick/server.rb:173:in `start_thread'
    /usr/lib/ruby/1.8/webrick/server.rb:162:in `start'
    /usr/lib/ruby/1.8/webrick/server.rb:162:in `start_thread'
    /usr/lib/ruby/1.8/webrick/server.rb:95:in `start'
    /usr/lib/ruby/1.8/webrick/server.rb:92:in `each'
    /usr/lib/ruby/1.8/webrick/server.rb:92:in `start'
    /usr/lib/ruby/1.8/webrick/server.rb:23:in `start'
    /usr/lib/ruby/1.8/webrick/server.rb:82:in `start'


    In /usr/lib/ruby/gems/1.8/gems/actionpack-2.3.2/lib/action_controller/templates/rescues/diagnostics.erb


    /usr/lib/ruby/1.8/webrick/httpserver.rb:104:in `service'
    /usr/lib/ruby/1.8/webrick/httpserver.rb:65:in `run'
    /usr/lib/ruby/1.8/webrick/server.rb:173:in `start_thread'
    /usr/lib/ruby/1.8/webrick/server.rb:162:in `start'
    /usr/lib/ruby/1.8/webrick/server.rb:162:in `start_thread'
    /usr/lib/ruby/1.8/webrick/server.rb:95:in `start'
    /usr/lib/ruby/1.8/webrick/server.rb:92:in `each'
    /usr/lib/ruby/1.8/webrick/server.rb:92:in `start'
    /usr/lib/ruby/1.8/webrick/server.rb:23:in `start'
    /usr/lib/ruby/1.8/webrick/server.rb:82:in `start'
  [4;36;1mSQL (0.1ms)[0m   [0;1mSET client_min_messages TO 'panic'[0m
  [4;35;1mSQL (0.1ms)[0m   [0mSET client_min_messages TO 'error'[0m


Processing ApplicationController#index (for 127.0.0.1 at 2009-08-26 14:22:59) [GET]

NoMethodError (undefined method `camelize' for :projects:Symbol):
  /usr/lib/ruby/1.8/webrick/httpserver.rb:104:in `service'
  /usr/lib/ruby/1.8/webrick/httpserver.rb:65:in `run'
  /usr/lib/ruby/1.8/webrick/server.rb:173:in `start_thread'
  /usr/lib/ruby/1.8/webrick/server.rb:162:in `start'
  /usr/lib/ruby/1.8/webrick/server.rb:162:in `start_thread'
  /usr/lib/ruby/1.8/webrick/server.rb:95:in `start'
  /usr/lib/ruby/1.8/webrick/server.rb:92:in `each'
  /usr/lib/ruby/1.8/webrick/server.rb:92:in `start'
  /usr/lib/ruby/1.8/webrick/server.rb:23:in `start'
  /usr/lib/ruby/1.8/webrick/server.rb:82:in `start'

/!\ FAILSAFE /!\  Wed Aug 26 14:22:59 -0400 2009
  Status: 500 Internal Server Error
  
ActionView::TemplateError (undefined method `humanize' for :projects:Symbol) in /usr/lib/ruby/gems/1.8/gems/actionpack-2.3.2/lib/action_controller/templates/rescues/diagnostics.erb:

    /usr/lib/ruby/1.8/webrick/httpserver.rb:104:in `service'
    /usr/lib/ruby/1.8/webrick/httpserver.rb:65:in `run'
    /usr/lib/ruby/1.8/webrick/server.rb:173:in `start_thread'
    /usr/lib/ruby/1.8/webrick/server.rb:162:in `start'
    /usr/lib/ruby/1.8/webrick/server.rb:162:in `start_thread'
    /usr/lib/ruby/1.8/webrick/server.rb:95:in `start'
    /usr/lib/ruby/1.8/webrick/server.rb:92:in `each'
    /usr/lib/ruby/1.8/webrick/server.rb:92:in `start'
    /usr/lib/ruby/1.8/webrick/server.rb:23:in `start'
    /usr/lib/ruby/1.8/webrick/server.rb:82:in `start'


    In /usr/lib/ruby/gems/1.8/gems/actionpack-2.3.2/lib/action_controller/templates/rescues/diagnostics.erb


    /usr/lib/ruby/1.8/webrick/httpserver.rb:104:in `service'
    /usr/lib/ruby/1.8/webrick/httpserver.rb:65:in `run'
    /usr/lib/ruby/1.8/webrick/server.rb:173:in `start_thread'
    /usr/lib/ruby/1.8/webrick/server.rb:162:in `start'
    /usr/lib/ruby/1.8/webrick/server.rb:162:in `start_thread'
    /usr/lib/ruby/1.8/webrick/server.rb:95:in `start'
    /usr/lib/ruby/1.8/webrick/server.rb:92:in `each'
    /usr/lib/ruby/1.8/webrick/server.rb:92:in `start'
    /usr/lib/ruby/1.8/webrick/server.rb:23:in `start'
    /usr/lib/ruby/1.8/webrick/server.rb:82:in `start'
  [4;36;1mSQL (0.1ms)[0m   [0;1mSET client_min_messages TO 'panic'[0m
  [4;35;1mSQL (0.1ms)[0m   [0mSET client_min_messages TO 'error'[0m
  [4;36;1mSQL (19.2ms)[0m   [0;1mSELECT version FROM schema_migrations[0m
Migrating to CreateUsers (20090819193931)
Migrating to CreateProjects (20090819203327)
  [4;35;1mSQL (0.1ms)[0m   [0mBEGIN[0m
  [4;36;1mSQL (285.2ms)[0m   [0;1mCREATE TABLE "projects" ("id" serial primary key, "name" character varying(255), "owner_id" integer, "icon_id" integer, "description" text, "created_at" timestamp, "updated_at" timestamp) [0m
  [4;35;1mSQL (5.2ms)[0m   [0mINSERT INTO schema_migrations (version) VALUES ('20090819203327')[0m
  [4;36;1mSQL (3.1ms)[0m   [0;1mCOMMIT[0m
  [4;35;1mSQL (0.1ms)[0m   [0mSELECT version FROM schema_migrations[0m
  [4;36;1mSQL (0.1ms)[0m   [0;1mSET client_min_messages TO 'panic'[0m
  [4;35;1mSQL (0.1ms)[0m   [0mSET client_min_messages TO 'error'[0m


Processing ApplicationController#index (for 127.0.0.1 at 2009-08-26 14:24:00) [GET]

NoMethodError (undefined method `camelize' for :projects:Symbol):
  /usr/lib/ruby/1.8/webrick/httpserver.rb:104:in `service'
  /usr/lib/ruby/1.8/webrick/httpserver.rb:65:in `run'
  /usr/lib/ruby/1.8/webrick/server.rb:173:in `start_thread'
  /usr/lib/ruby/1.8/webrick/server.rb:162:in `start'
  /usr/lib/ruby/1.8/webrick/server.rb:162:in `start_thread'
  /usr/lib/ruby/1.8/webrick/server.rb:95:in `start'
  /usr/lib/ruby/1.8/webrick/server.rb:92:in `each'
  /usr/lib/ruby/1.8/webrick/server.rb:92:in `start'
  /usr/lib/ruby/1.8/webrick/server.rb:23:in `start'
  /usr/lib/ruby/1.8/webrick/server.rb:82:in `start'

/!\ FAILSAFE /!\  Wed Aug 26 14:24:00 -0400 2009
  Status: 500 Internal Server Error
  
ActionView::TemplateError (undefined method `humanize' for :projects:Symbol) in /usr/lib/ruby/gems/1.8/gems/actionpack-2.3.2/lib/action_controller/templates/rescues/diagnostics.erb:

    /usr/lib/ruby/1.8/webrick/httpserver.rb:104:in `service'
    /usr/lib/ruby/1.8/webrick/httpserver.rb:65:in `run'
    /usr/lib/ruby/1.8/webrick/server.rb:173:in `start_thread'
    /usr/lib/ruby/1.8/webrick/server.rb:162:in `start'
    /usr/lib/ruby/1.8/webrick/server.rb:162:in `start_thread'
    /usr/lib/ruby/1.8/webrick/server.rb:95:in `start'
    /usr/lib/ruby/1.8/webrick/server.rb:92:in `each'
    /usr/lib/ruby/1.8/webrick/server.rb:92:in `start'
    /usr/lib/ruby/1.8/webrick/server.rb:23:in `start'
    /usr/lib/ruby/1.8/webrick/server.rb:82:in `start'


    In /usr/lib/ruby/gems/1.8/gems/actionpack-2.3.2/lib/action_controller/templates/rescues/diagnostics.erb


    /usr/lib/ruby/1.8/webrick/httpserver.rb:104:in `service'
    /usr/lib/ruby/1.8/webrick/httpserver.rb:65:in `run'
    /usr/lib/ruby/1.8/webrick/server.rb:173:in `start_thread'
    /usr/lib/ruby/1.8/webrick/server.rb:162:in `start'
    /usr/lib/ruby/1.8/webrick/server.rb:162:in `start_thread'
    /usr/lib/ruby/1.8/webrick/server.rb:95:in `start'
    /usr/lib/ruby/1.8/webrick/server.rb:92:in `each'
    /usr/lib/ruby/1.8/webrick/server.rb:92:in `start'
    /usr/lib/ruby/1.8/webrick/server.rb:23:in `start'
    /usr/lib/ruby/1.8/webrick/server.rb:82:in `start'
  [4;36;1mSQL (0.1ms)[0m   [0;1mSET client_min_messages TO 'panic'[0m
  [4;35;1mSQL (0.1ms)[0m   [0mSET client_min_messages TO 'error'[0m


Processing ApplicationController#index (for 127.0.0.1 at 2009-08-26 14:24:01) [GET]

NoMethodError (undefined method `camelize' for :projects:Symbol):
  /usr/lib/ruby/1.8/webrick/httpserver.rb:104:in `service'
  /usr/lib/ruby/1.8/webrick/httpserver.rb:65:in `run'
  /usr/lib/ruby/1.8/webrick/server.rb:173:in `start_thread'
  /usr/lib/ruby/1.8/webrick/server.rb:162:in `start'
  /usr/lib/ruby/1.8/webrick/server.rb:162:in `start_thread'
  /usr/lib/ruby/1.8/webrick/server.rb:95:in `start'
  /usr/lib/ruby/1.8/webrick/server.rb:92:in `each'
  /usr/lib/ruby/1.8/webrick/server.rb:92:in `start'
  /usr/lib/ruby/1.8/webrick/server.rb:23:in `start'
  /usr/lib/ruby/1.8/webrick/server.rb:82:in `start'

/!\ FAILSAFE /!\  Wed Aug 26 14:24:01 -0400 2009
  Status: 500 Internal Server Error
  
ActionView::TemplateError (undefined method `humanize' for :projects:Symbol) in /usr/lib/ruby/gems/1.8/gems/actionpack-2.3.2/lib/action_controller/templates/rescues/diagnostics.erb:

    /usr/lib/ruby/1.8/webrick/httpserver.rb:104:in `service'
    /usr/lib/ruby/1.8/webrick/httpserver.rb:65:in `run'
    /usr/lib/ruby/1.8/webrick/server.rb:173:in `start_thread'
    /usr/lib/ruby/1.8/webrick/server.rb:162:in `start'
    /usr/lib/ruby/1.8/webrick/server.rb:162:in `start_thread'
    /usr/lib/ruby/1.8/webrick/server.rb:95:in `start'
    /usr/lib/ruby/1.8/webrick/server.rb:92:in `each'
    /usr/lib/ruby/1.8/webrick/server.rb:92:in `start'
    /usr/lib/ruby/1.8/webrick/server.rb:23:in `start'
    /usr/lib/ruby/1.8/webrick/server.rb:82:in `start'


    In /usr/lib/ruby/gems/1.8/gems/actionpack-2.3.2/lib/action_controller/templates/rescues/diagnostics.erb


    /usr/lib/ruby/1.8/webrick/httpserver.rb:104:in `service'
    /usr/lib/ruby/1.8/webrick/httpserver.rb:65:in `run'
    /usr/lib/ruby/1.8/webrick/server.rb:173:in `start_thread'
    /usr/lib/ruby/1.8/webrick/server.rb:162:in `start'
    /usr/lib/ruby/1.8/webrick/server.rb:162:in `start_thread'
    /usr/lib/ruby/1.8/webrick/server.rb:95:in `start'
    /usr/lib/ruby/1.8/webrick/server.rb:92:in `each'
    /usr/lib/ruby/1.8/webrick/server.rb:92:in `start'
    /usr/lib/ruby/1.8/webrick/server.rb:23:in `start'
    /usr/lib/ruby/1.8/webrick/server.rb:82:in `start'
  [4;36;1mSQL (0.8ms)[0m   [0;1mSET client_min_messages TO 'panic'[0m
  [4;35;1mSQL (0.1ms)[0m   [0mSET client_min_messages TO 'error'[0m


Processing ApplicationController#index (for 127.0.0.1 at 2009-08-26 14:24:59) [GET]

NoMethodError (undefined method `camelize' for :projects:Symbol):
  /usr/lib/ruby/1.8/webrick/httpserver.rb:104:in `service'
  /usr/lib/ruby/1.8/webrick/httpserver.rb:65:in `run'
  /usr/lib/ruby/1.8/webrick/server.rb:173:in `start_thread'
  /usr/lib/ruby/1.8/webrick/server.rb:162:in `start'
  /usr/lib/ruby/1.8/webrick/server.rb:162:in `start_thread'
  /usr/lib/ruby/1.8/webrick/server.rb:95:in `start'
  /usr/lib/ruby/1.8/webrick/server.rb:92:in `each'
  /usr/lib/ruby/1.8/webrick/server.rb:92:in `start'
  /usr/lib/ruby/1.8/webrick/server.rb:23:in `start'
  /usr/lib/ruby/1.8/webrick/server.rb:82:in `start'

/!\ FAILSAFE /!\  Wed Aug 26 14:24:59 -0400 2009
  Status: 500 Internal Server Error
  
ActionView::TemplateError (undefined method `humanize' for :projects:Symbol) in /usr/lib/ruby/gems/1.8/gems/actionpack-2.3.2/lib/action_controller/templates/rescues/diagnostics.erb:

    /usr/lib/ruby/1.8/webrick/httpserver.rb:104:in `service'
    /usr/lib/ruby/1.8/webrick/httpserver.rb:65:in `run'
    /usr/lib/ruby/1.8/webrick/server.rb:173:in `start_thread'
    /usr/lib/ruby/1.8/webrick/server.rb:162:in `start'
    /usr/lib/ruby/1.8/webrick/server.rb:162:in `start_thread'
    /usr/lib/ruby/1.8/webrick/server.rb:95:in `start'
    /usr/lib/ruby/1.8/webrick/server.rb:92:in `each'
    /usr/lib/ruby/1.8/webrick/server.rb:92:in `start'
    /usr/lib/ruby/1.8/webrick/server.rb:23:in `start'
    /usr/lib/ruby/1.8/webrick/server.rb:82:in `start'


    In /usr/lib/ruby/gems/1.8/gems/actionpack-2.3.2/lib/action_controller/templates/rescues/diagnostics.erb


    /usr/lib/ruby/1.8/webrick/httpserver.rb:104:in `service'
    /usr/lib/ruby/1.8/webrick/httpserver.rb:65:in `run'
    /usr/lib/ruby/1.8/webrick/server.rb:173:in `start_thread'
    /usr/lib/ruby/1.8/webrick/server.rb:162:in `start'
    /usr/lib/ruby/1.8/webrick/server.rb:162:in `start_thread'
    /usr/lib/ruby/1.8/webrick/server.rb:95:in `start'
    /usr/lib/ruby/1.8/webrick/server.rb:92:in `each'
    /usr/lib/ruby/1.8/webrick/server.rb:92:in `start'
    /usr/lib/ruby/1.8/webrick/server.rb:23:in `start'
    /usr/lib/ruby/1.8/webrick/server.rb:82:in `start'
  [4;36;1mSQL (0.2ms)[0m   [0;1mSET client_min_messages TO 'panic'[0m
  [4;35;1mSQL (0.6ms)[0m   [0mSET client_min_messages TO 'error'[0m


Processing ApplicationController#index (for 127.0.0.1 at 2009-08-26 14:25:25) [GET]

NoMethodError (undefined method `make_resourceful' for ProjectsController:Class):
  app/controllers/projects_controller.rb:5
  /usr/lib/ruby/1.8/webrick/httpserver.rb:104:in `service'
  /usr/lib/ruby/1.8/webrick/httpserver.rb:65:in `run'
  /usr/lib/ruby/1.8/webrick/server.rb:173:in `start_thread'
  /usr/lib/ruby/1.8/webrick/server.rb:162:in `start'
  /usr/lib/ruby/1.8/webrick/server.rb:162:in `start_thread'
  /usr/lib/ruby/1.8/webrick/server.rb:95:in `start'
  /usr/lib/ruby/1.8/webrick/server.rb:92:in `each'
  /usr/lib/ruby/1.8/webrick/server.rb:92:in `start'
  /usr/lib/ruby/1.8/webrick/server.rb:23:in `start'
  /usr/lib/ruby/1.8/webrick/server.rb:82:in `start'

Rendered rescues/_trace (42.1ms)
Rendered rescues/_request_and_response (2.5ms)
Rendering rescues/layout (internal_server_error)
  [4;36;1mSQL (0.1ms)[0m   [0;1mSET client_min_messages TO 'panic'[0m
  [4;35;1mSQL (0.1ms)[0m   [0mSET client_min_messages TO 'error'[0m


Processing ApplicationController#index (for 127.0.0.1 at 2009-08-26 14:26:34) [GET]

NoMethodError (undefined method `make_resourceful' for ProjectsController:Class):
  app/controllers/projects_controller.rb:5
  /usr/lib/ruby/1.8/webrick/httpserver.rb:104:in `service'
  /usr/lib/ruby/1.8/webrick/httpserver.rb:65:in `run'
  /usr/lib/ruby/1.8/webrick/server.rb:173:in `start_thread'
  /usr/lib/ruby/1.8/webrick/server.rb:162:in `start'
  /usr/lib/ruby/1.8/webrick/server.rb:162:in `start_thread'
  /usr/lib/ruby/1.8/webrick/server.rb:95:in `start'
  /usr/lib/ruby/1.8/webrick/server.rb:92:in `each'
  /usr/lib/ruby/1.8/webrick/server.rb:92:in `start'
  /usr/lib/ruby/1.8/webrick/server.rb:23:in `start'
  /usr/lib/ruby/1.8/webrick/server.rb:82:in `start'

Rendered rescues/_trace (150.4ms)
Rendered rescues/_request_and_response (0.4ms)
Rendering rescues/layout (internal_server_error)
  [4;36;1mSQL (0.1ms)[0m   [0;1mSET client_min_messages TO 'panic'[0m
  [4;35;1mSQL (0.1ms)[0m   [0mSET client_min_messages TO 'error'[0m


Processing ApplicationController#index (for 127.0.0.1 at 2009-08-26 14:26:37) [GET]

NoMethodError (undefined method `make_resourceful' for ProjectsController:Class):
  app/controllers/projects_controller.rb:5
  /usr/lib/ruby/1.8/webrick/httpserver.rb:104:in `service'
  /usr/lib/ruby/1.8/webrick/httpserver.rb:65:in `run'
  /usr/lib/ruby/1.8/webrick/server.rb:173:in `start_thread'
  /usr/lib/ruby/1.8/webrick/server.rb:162:in `start'
  /usr/lib/ruby/1.8/webrick/server.rb:162:in `start_thread'
  /usr/lib/ruby/1.8/webrick/server.rb:95:in `start'
  /usr/lib/ruby/1.8/webrick/server.rb:92:in `each'
  /usr/lib/ruby/1.8/webrick/server.rb:92:in `start'
  /usr/lib/ruby/1.8/webrick/server.rb:23:in `start'
  /usr/lib/ruby/1.8/webrick/server.rb:82:in `start'

Rendered rescues/_trace (61.8ms)
Rendered rescues/_request_and_response (0.3ms)
Rendering rescues/layout (internal_server_error)
  [4;36;1mSQL (0.1ms)[0m   [0;1mSET client_min_messages TO 'panic'[0m
  [4;35;1mSQL (0.1ms)[0m   [0mSET client_min_messages TO 'error'[0m


Processing ApplicationController#index (for 127.0.0.1 at 2009-08-26 14:26:37) [GET]

NoMethodError (undefined method `make_resourceful' for ProjectsController:Class):
  app/controllers/projects_controller.rb:5
  /usr/lib/ruby/1.8/webrick/httpserver.rb:104:in `service'
  /usr/lib/ruby/1.8/webrick/httpserver.rb:65:in `run'
  /usr/lib/ruby/1.8/webrick/server.rb:173:in `start_thread'
  /usr/lib/ruby/1.8/webrick/server.rb:162:in `start'
  /usr/lib/ruby/1.8/webrick/server.rb:162:in `start_thread'
  /usr/lib/ruby/1.8/webrick/server.rb:95:in `start'
  /usr/lib/ruby/1.8/webrick/server.rb:92:in `each'
  /usr/lib/ruby/1.8/webrick/server.rb:92:in `start'
  /usr/lib/ruby/1.8/webrick/server.rb:23:in `start'
  /usr/lib/ruby/1.8/webrick/server.rb:82:in `start'

Rendered rescues/_trace (63.5ms)
Rendered rescues/_request_and_response (0.4ms)
Rendering rescues/layout (internal_server_error)
  [4;36;1mSQL (0.1ms)[0m   [0;1mSET client_min_messages TO 'panic'[0m
  [4;35;1mSQL (0.1ms)[0m   [0mSET client_min_messages TO 'error'[0m


Processing ProjectsController#index (for 127.0.0.1 at 2009-08-26 14:26:59) [GET]
Redirected to http://neo:1212/login
Filter chain halted as [:authenticate] rendered_or_redirected.
Completed in 22ms (DB: 0) | 302 Found [http://neo/]
  [4;36;1mSQL (0.1ms)[0m   [0;1mSET client_min_messages TO 'panic'[0m
  [4;35;1mSQL (0.1ms)[0m   [0mSET client_min_messages TO 'error'[0m


Processing UserSessionsController#new (for 127.0.0.1 at 2009-08-26 14:26:59) [GET]
Rendering template within layouts/arsproject
Rendering user_sessions/new

ActionView::TemplateError (undefined method `title' for #<ActionView::Base:0xb6e9c4f4>) on line #1 of app/views/user_sessions/new.html.erb:
1: <% title "New User Session" %>
2: 
3: <% form_for @user_session do |f| %>
4:   <%= f.error_messages %>

    app/views/user_sessions/new.html.erb:1
    /usr/lib/ruby/1.8/webrick/httpserver.rb:104:in `service'
    /usr/lib/ruby/1.8/webrick/httpserver.rb:65:in `run'
    /usr/lib/ruby/1.8/webrick/server.rb:173:in `start_thread'
    /usr/lib/ruby/1.8/webrick/server.rb:162:in `start'
    /usr/lib/ruby/1.8/webrick/server.rb:162:in `start_thread'
    /usr/lib/ruby/1.8/webrick/server.rb:95:in `start'
    /usr/lib/ruby/1.8/webrick/server.rb:92:in `each'
    /usr/lib/ruby/1.8/webrick/server.rb:92:in `start'
    /usr/lib/ruby/1.8/webrick/server.rb:23:in `start'
    /usr/lib/ruby/1.8/webrick/server.rb:82:in `start'

Rendered rescues/_trace (144.7ms)
Rendered rescues/_request_and_response (2.4ms)
Rendering rescues/layout (internal_server_error)
  [4;36;1mSQL (0.1ms)[0m   [0;1mSET client_min_messages TO 'panic'[0m
  [4;35;1mSQL (0.1ms)[0m   [0mSET client_min_messages TO 'error'[0m


Processing ProjectsController#index (for 127.0.0.1 at 2009-08-26 14:27:00) [GET]
Redirected to http://neo:1212/login
Filter chain halted as [:authenticate] rendered_or_redirected.
Completed in 40ms (DB: 0) | 302 Found [http://neo/]
  [4;36;1mSQL (0.1ms)[0m   [0;1mSET client_min_messages TO 'panic'[0m
  [4;35;1mSQL (0.1ms)[0m   [0mSET client_min_messages TO 'error'[0m


Processing UserSessionsController#new (for 127.0.0.1 at 2009-08-26 14:27:00) [GET]
Rendering template within layouts/arsproject
Rendering user_sessions/new

ActionView::TemplateError (undefined method `title' for #<ActionView::Base:0xb6f618a8>) on line #1 of app/views/user_sessions/new.html.erb:
1: <% title "New User Session" %>
2: 
3: <% form_for @user_session do |f| %>
4:   <%= f.error_messages %>

    app/views/user_sessions/new.html.erb:1
    /usr/lib/ruby/1.8/webrick/httpserver.rb:104:in `service'
    /usr/lib/ruby/1.8/webrick/httpserver.rb:65:in `run'
    /usr/lib/ruby/1.8/webrick/server.rb:173:in `start_thread'
    /usr/lib/ruby/1.8/webrick/server.rb:162:in `start'
    /usr/lib/ruby/1.8/webrick/server.rb:162:in `start_thread'
    /usr/lib/ruby/1.8/webrick/server.rb:95:in `start'
    /usr/lib/ruby/1.8/webrick/server.rb:92:in `each'
    /usr/lib/ruby/1.8/webrick/server.rb:92:in `start'
    /usr/lib/ruby/1.8/webrick/server.rb:23:in `start'
    /usr/lib/ruby/1.8/webrick/server.rb:82:in `start'

Rendered rescues/_trace (52.5ms)
Rendered rescues/_request_and_response (0.3ms)
Rendering rescues/layout (internal_server_error)
  [4;36;1mSQL (0.1ms)[0m   [0;1mSET client_min_messages TO 'panic'[0m
  [4;35;1mSQL (0.1ms)[0m   [0mSET client_min_messages TO 'error'[0m


Processing ProjectsController#index (for 127.0.0.1 at 2009-08-26 14:28:16) [GET]
Redirected to http://neo:1212/login
Filter chain halted as [:authenticate] rendered_or_redirected.
Completed in 38ms (DB: 0) | 302 Found [http://neo/]
  [4;36;1mSQL (0.1ms)[0m   [0;1mSET client_min_messages TO 'panic'[0m
  [4;35;1mSQL (0.1ms)[0m   [0mSET client_min_messages TO 'error'[0m


Processing UserSessionsController#new (for 127.0.0.1 at 2009-08-26 14:28:16) [GET]
Rendering template within layouts/arsproject
Rendering user_sessions/new
Completed in 27ms (View: 3, DB: 0) | 200 OK [http://neo/login]
  [4;36;1mSQL (90.1ms)[0m   [0;1mSET client_min_messages TO 'panic'[0m
  [4;35;1mSQL (0.4ms)[0m   [0mSET client_min_messages TO 'error'[0m


Processing ProjectsController#index (for 127.0.0.1 at 2009-08-26 14:28:20) [GET]
Redirected to http://neo:1212/login
Filter chain halted as [:authenticate] rendered_or_redirected.
Completed in 22ms (DB: 91) | 302 Found [http://neo/]
  [4;36;1mSQL (0.1ms)[0m   [0;1mSET client_min_messages TO 'panic'[0m
  [4;35;1mSQL (0.1ms)[0m   [0mSET client_min_messages TO 'error'[0m


Processing UserSessionsController#new (for 127.0.0.1 at 2009-08-26 14:28:20) [GET]
Rendering template within layouts/arsproject
Rendering user_sessions/new
Completed in 28ms (View: 3, DB: 0) | 200 OK [http://neo/login]
  [4;36;1mSQL (0.1ms)[0m   [0;1mSET client_min_messages TO 'panic'[0m
  [4;35;1mSQL (0.1ms)[0m   [0mSET client_min_messages TO 'error'[0m


Processing ProjectsController#index (for 127.0.0.1 at 2009-08-26 14:28:52) [GET]
Redirected to http://neo:1212/login
Filter chain halted as [:authenticate] rendered_or_redirected.
Completed in 25ms (DB: 0) | 302 Found [http://neo/]
  [4;36;1mSQL (0.1ms)[0m   [0;1mSET client_min_messages TO 'panic'[0m
  [4;35;1mSQL (0.1ms)[0m   [0mSET client_min_messages TO 'error'[0m


Processing ProjectsController#index (for 127.0.0.1 at 2009-08-26 14:29:06) [GET]
Redirected to http://neo:1212/login
Filter chain halted as [:authenticate] rendered_or_redirected.
Completed in 22ms (DB: 0) | 302 Found [http://neo/]
  [4;36;1mSQL (0.1ms)[0m   [0;1mSET client_min_messages TO 'panic'[0m
  [4;35;1mSQL (0.1ms)[0m   [0mSET client_min_messages TO 'error'[0m


Processing UserSessionsController#new (for 127.0.0.1 at 2009-08-26 14:29:06) [GET]
Rendering template within layouts/arsproject
Rendering user_sessions/new
Completed in 35ms (View: 13, DB: 0) | 200 OK [http://neo/login]
  [4;36;1mSQL (0.1ms)[0m   [0;1mSET client_min_messages TO 'panic'[0m
  [4;35;1mSQL (0.1ms)[0m   [0mSET client_min_messages TO 'error'[0m


Processing ProjectsController#index (for 127.0.0.1 at 2009-08-26 14:29:08) [GET]
Redirected to http://neo:1212/login
Filter chain halted as [:authenticate] rendered_or_redirected.
Completed in 41ms (DB: 0) | 302 Found [http://neo/]
  [4;36;1mSQL (0.1ms)[0m   [0;1mSET client_min_messages TO 'panic'[0m
  [4;35;1mSQL (0.1ms)[0m   [0mSET client_min_messages TO 'error'[0m


Processing UserSessionsController#new (for 127.0.0.1 at 2009-08-26 14:29:08) [GET]
Rendering template within layouts/arsproject
Rendering user_sessions/new
Completed in 22ms (View: 3, DB: 0) | 200 OK [http://neo/login]
  [4;36;1mSQL (0.1ms)[0m   [0;1mSET client_min_messages TO 'panic'[0m
  [4;35;1mSQL (0.1ms)[0m   [0mSET client_min_messages TO 'error'[0m


Processing ProjectsController#index (for 127.0.0.1 at 2009-08-26 14:29:09) [GET]
Redirected to http://neo:1212/login
Filter chain halted as [:authenticate] rendered_or_redirected.
Completed in 23ms (DB: 0) | 302 Found [http://neo/]
  [4;36;1mSQL (0.1ms)[0m   [0;1mSET client_min_messages TO 'panic'[0m
  [4;35;1mSQL (0.1ms)[0m   [0mSET client_min_messages TO 'error'[0m


Processing UserSessionsController#new (for 127.0.0.1 at 2009-08-26 14:29:09) [GET]
Rendering template within layouts/arsproject
Rendering user_sessions/new
Completed in 27ms (View: 3, DB: 0) | 200 OK [http://neo/login]
  [4;36;1mSQL (0.1ms)[0m   [0;1mSET client_min_messages TO 'panic'[0m
  [4;35;1mSQL (0.1ms)[0m   [0mSET client_min_messages TO 'error'[0m


Processing UserSessionsController#new (for 127.0.0.1 at 2009-08-26 14:29:17) [GET]
Rendering template within layouts/arsproject
Rendering user_sessions/new
Completed in 27ms (View: 4, DB: 0) | 200 OK [http://neo/user_sessions/new]
  [4;36;1mSQL (0.1ms)[0m   [0;1mSET client_min_messages TO 'panic'[0m
  [4;35;1mSQL (0.1ms)[0m   [0mSET client_min_messages TO 'error'[0m


Processing UserSessionsController#new (for 127.0.0.1 at 2009-08-26 14:30:11) [GET]
Rendering template within layouts/arsproject
Rendering user_sessions/new
Completed in 32ms (View: 9, DB: 0) | 200 OK [http://neo/user_sessions/new]
  [4;36;1mSQL (0.1ms)[0m   [0;1mSET client_min_messages TO 'panic'[0m
  [4;35;1mSQL (0.1ms)[0m   [0mSET client_min_messages TO 'error'[0m


Processing ProjectsController#index (for 127.0.0.1 at 2009-08-26 14:30:21) [GET]
Redirected to http://neo:1212/login
Filter chain halted as [:authenticate] rendered_or_redirected.
Completed in 23ms (DB: 0) | 302 Found [http://neo/]
  [4;36;1mSQL (0.1ms)[0m   [0;1mSET client_min_messages TO 'panic'[0m
  [4;35;1mSQL (0.1ms)[0m   [0mSET client_min_messages TO 'error'[0m


Processing UserSessionsController#new (for 127.0.0.1 at 2009-08-26 14:30:21) [GET]
Rendering template within layouts/arsproject
Rendering user_sessions/new
Completed in 31ms (View: 5, DB: 0) | 200 OK [http://neo/login]
  [4;36;1mSQL (0.1ms)[0m   [0;1mSET client_min_messages TO 'panic'[0m
  [4;35;1mSQL (0.1ms)[0m   [0mSET client_min_messages TO 'error'[0m


Processing UserSessionsController#new (for 127.0.0.1 at 2009-08-26 14:38:48) [GET]
Rendering template within layouts/arsproject
Rendering user_sessions/new
Completed in 26ms (View: 3, DB: 0) | 200 OK [http://neo/login]
  [4;36;1mSQL (0.1ms)[0m   [0;1mSET client_min_messages TO 'panic'[0m
  [4;35;1mSQL (0.1ms)[0m   [0mSET client_min_messages TO 'error'[0m


Processing UserSessionsController#new (for 127.0.0.1 at 2009-08-26 14:38:51) [GET]
Rendering template within layouts/arsproject
Rendering user_sessions/new
Completed in 47ms (View: 4, DB: 0) | 200 OK [http://neo/login]
  [4;36;1mSQL (0.1ms)[0m   [0;1mSET client_min_messages TO 'panic'[0m
  [4;35;1mSQL (0.1ms)[0m   [0mSET client_min_messages TO 'error'[0m


Processing UserSessionsController#new (for 127.0.0.1 at 2009-08-26 14:38:54) [GET]
Rendering template within layouts/arsproject
Rendering user_sessions/new
Completed in 45ms (View: 4, DB: 0) | 200 OK [http://neo/login]
  [4;36;1mSQL (0.1ms)[0m   [0;1mSET client_min_messages TO 'panic'[0m
  [4;35;1mSQL (0.1ms)[0m   [0mSET client_min_messages TO 'error'[0m


Processing UserSessionsController#new (for 127.0.0.1 at 2009-08-26 14:38:55) [GET]
Rendering template within layouts/arsproject
Rendering user_sessions/new
Completed in 30ms (View: 4, DB: 0) | 200 OK [http://neo/login]
  [4;36;1mSQL (0.1ms)[0m   [0;1mSET client_min_messages TO 'panic'[0m
  [4;35;1mSQL (0.1ms)[0m   [0mSET client_min_messages TO 'error'[0m


Processing UserSessionsController#new (for 127.0.0.1 at 2009-08-26 14:39:31) [GET]
Rendering template within layouts/arsproject
Rendering user_sessions/new
Completed in 39ms (View: 15, DB: 0) | 200 OK [http://neo/login]
  [4;36;1mSQL (0.1ms)[0m   [0;1mSET client_min_messages TO 'panic'[0m
  [4;35;1mSQL (0.1ms)[0m   [0mSET client_min_messages TO 'error'[0m


Processing ProjectsController#index (for 127.0.0.1 at 2009-08-26 14:45:28) [GET]
Redirected to http://neo:1212/login
Filter chain halted as [:authenticate] rendered_or_redirected.
Completed in 22ms (DB: 0) | 302 Found [http://neo/]
  [4;36;1mSQL (0.1ms)[0m   [0;1mSET client_min_messages TO 'panic'[0m
  [4;35;1mSQL (0.1ms)[0m   [0mSET client_min_messages TO 'error'[0m


Processing UserSessionsController#new (for 127.0.0.1 at 2009-08-26 14:45:28) [GET]
Rendering template within layouts/arsproject
Rendering user_sessions/new
Completed in 35ms (View: 11, DB: 0) | 200 OK [http://neo/login]
  [4;36;1mSQL (0.1ms)[0m   [0;1mSET client_min_messages TO 'panic'[0m
  [4;35;1mSQL (0.1ms)[0m   [0mSET client_min_messages TO 'error'[0m


Processing UserSessionsController#new (for 127.0.0.1 at 2009-08-26 14:45:55) [GET]
Rendering template within layouts/arsproject
Rendering user_sessions/new
Completed in 48ms (View: 6, DB: 0) | 200 OK [http://neo/login]
  [4;36;1mSQL (0.1ms)[0m   [0;1mSET client_min_messages TO 'panic'[0m
  [4;35;1mSQL (0.1ms)[0m   [0mSET client_min_messages TO 'error'[0m


Processing UserSessionsController#new (for 127.0.0.1 at 2009-08-26 14:46:23) [GET]
Rendering template within layouts/arsproject
Rendering user_sessions/new
Completed in 26ms (View: 3, DB: 0) | 200 OK [http://neo/login]
  [4;36;1mSQL (0.1ms)[0m   [0;1mSET client_min_messages TO 'panic'[0m
  [4;35;1mSQL (0.1ms)[0m   [0mSET client_min_messages TO 'error'[0m


Processing UserSessionsController#new (for 127.0.0.1 at 2009-08-26 14:46:49) [GET]
Rendering template within layouts/arsproject
Rendering user_sessions/new
Completed in 48ms (View: 3, DB: 0) | 200 OK [http://neo/login]
  [4;36;1mSQL (0.1ms)[0m   [0;1mSET client_min_messages TO 'panic'[0m
  [4;35;1mSQL (0.1ms)[0m   [0mSET client_min_messages TO 'error'[0m


Processing UserSessionsController#new (for 127.0.0.1 at 2009-08-26 14:46:51) [GET]
Rendering template within layouts/arsproject
Rendering user_sessions/new
Completed in 47ms (View: 5, DB: 0) | 200 OK [http://neo/login]
  [4;36;1mSQL (0.1ms)[0m   [0;1mSET client_min_messages TO 'panic'[0m
  [4;35;1mSQL (0.1ms)[0m   [0mSET client_min_messages TO 'error'[0m


Processing UserSessionsController#new (for 127.0.0.1 at 2009-08-26 14:47:05) [GET]
Rendering template within layouts/arsproject
Rendering user_sessions/new
Completed in 47ms (View: 5, DB: 0) | 200 OK [http://neo/login]
  [4;36;1mSQL (0.1ms)[0m   [0;1mSET client_min_messages TO 'panic'[0m
  [4;35;1mSQL (0.1ms)[0m   [0mSET client_min_messages TO 'error'[0m


Processing UserSessionsController#new (for 127.0.0.1 at 2009-08-26 14:47:21) [GET]
Rendering template within layouts/arsproject
Rendering user_sessions/new
Completed in 52ms (View: 6, DB: 0) | 200 OK [http://neo/login]
  [4;36;1mSQL (0.1ms)[0m   [0;1mSET client_min_messages TO 'panic'[0m
  [4;35;1mSQL (0.1ms)[0m   [0mSET client_min_messages TO 'error'[0m


Processing UserSessionsController#new (for 127.0.0.1 at 2009-08-26 14:47:29) [GET]
Rendering template within layouts/arsproject
Rendering user_sessions/new
Completed in 48ms (View: 4, DB: 0) | 200 OK [http://neo/login]
  [4;36;1mSQL (0.1ms)[0m   [0;1mSET client_min_messages TO 'panic'[0m
  [4;35;1mSQL (0.1ms)[0m   [0mSET client_min_messages TO 'error'[0m


Processing UserSessionsController#new (for 127.0.0.1 at 2009-08-26 14:48:00) [GET]
Rendering template within layouts/arsproject
Rendering user_sessions/new
Completed in 31ms (View: 8, DB: 0) | 200 OK [http://neo/login]
  [4;36;1mSQL (0.1ms)[0m   [0;1mSET client_min_messages TO 'panic'[0m
  [4;35;1mSQL (0.1ms)[0m   [0mSET client_min_messages TO 'error'[0m


Processing UserSessionsController#new (for 127.0.0.1 at 2009-08-26 14:48:09) [GET]
Rendering template within layouts/arsproject
Rendering user_sessions/new
Completed in 48ms (View: 3, DB: 0) | 200 OK [http://neo/login]
  [4;36;1mSQL (0.1ms)[0m   [0;1mSET client_min_messages TO 'panic'[0m
  [4;35;1mSQL (0.1ms)[0m   [0mSET client_min_messages TO 'error'[0m


Processing UserSessionsController#new (for 127.0.0.1 at 2009-08-26 14:48:35) [GET]
Rendering template within layouts/arsproject
Rendering user_sessions/new
Completed in 48ms (View: 6, DB: 0) | 200 OK [http://neo/login]
  [4;36;1mSQL (0.1ms)[0m   [0;1mSET client_min_messages TO 'panic'[0m
  [4;35;1mSQL (0.1ms)[0m   [0mSET client_min_messages TO 'error'[0m


Processing UserSessionsController#new (for 127.0.0.1 at 2009-08-26 14:49:04) [GET]
Rendering template within layouts/arsproject
Rendering user_sessions/new
Completed in 46ms (View: 6, DB: 0) | 200 OK [http://neo/login]
  [4;36;1mSQL (0.1ms)[0m   [0;1mSET client_min_messages TO 'panic'[0m
  [4;35;1mSQL (0.1ms)[0m   [0mSET client_min_messages TO 'error'[0m


Processing UserSessionsController#new (for 127.0.0.1 at 2009-08-26 14:49:17) [GET]
Rendering template within layouts/arsproject
Rendering user_sessions/new
Completed in 51ms (View: 7, DB: 0) | 200 OK [http://neo/login]
  [4;36;1mSQL (0.1ms)[0m   [0;1mSET client_min_messages TO 'panic'[0m
  [4;35;1mSQL (0.1ms)[0m   [0mSET client_min_messages TO 'error'[0m


Processing UserSessionsController#new (for 127.0.0.1 at 2009-08-26 14:50:35) [GET]
Rendering template within layouts/arsproject
Rendering user_sessions/new
Completed in 46ms (View: 5, DB: 0) | 200 OK [http://neo/login]
  [4;36;1mSQL (0.1ms)[0m   [0;1mSET client_min_messages TO 'panic'[0m
  [4;35;1mSQL (0.1ms)[0m   [0mSET client_min_messages TO 'error'[0m


Processing UserSessionsController#new (for 127.0.0.1 at 2009-08-26 14:51:09) [GET]
Rendering template within layouts/arsproject
Rendering user_sessions/new
Completed in 47ms (View: 3, DB: 0) | 200 OK [http://neo/login]
  [4;36;1mSQL (0.1ms)[0m   [0;1mSET client_min_messages TO 'panic'[0m
  [4;35;1mSQL (0.1ms)[0m   [0mSET client_min_messages TO 'error'[0m


Processing UserSessionsController#new (for 127.0.0.1 at 2009-08-26 14:51:25) [GET]
Rendering template within layouts/arsproject
Rendering user_sessions/new
Completed in 47ms (View: 3, DB: 0) | 200 OK [http://neo/login]
  [4;36;1mSQL (0.1ms)[0m   [0;1mSET client_min_messages TO 'panic'[0m
  [4;35;1mSQL (0.1ms)[0m   [0mSET client_min_messages TO 'error'[0m


Processing UserSessionsController#new (for 127.0.0.1 at 2009-08-26 14:52:25) [GET]
Rendering template within layouts/arsproject
Rendering user_sessions/new
Completed in 22ms (View: 3, DB: 0) | 200 OK [http://neo/login]
  [4;36;1mSQL (0.1ms)[0m   [0;1mSET client_min_messages TO 'panic'[0m
  [4;35;1mSQL (0.1ms)[0m   [0mSET client_min_messages TO 'error'[0m


Processing UserSessionsController#new (for 127.0.0.1 at 2009-08-26 14:53:11) [GET]
Rendering template within layouts/arsproject
Rendering user_sessions/new
Completed in 46ms (View: 5, DB: 0) | 200 OK [http://neo/login]
  [4;36;1mSQL (0.1ms)[0m   [0;1mSET client_min_messages TO 'panic'[0m
  [4;35;1mSQL (0.1ms)[0m   [0mSET client_min_messages TO 'error'[0m


Processing UserSessionsController#new (for 127.0.0.1 at 2009-08-26 14:53:26) [GET]
Rendering template within layouts/arsproject
Rendering user_sessions/new
Completed in 47ms (View: 4, DB: 0) | 200 OK [http://neo/login]
  [4;36;1mSQL (0.1ms)[0m   [0;1mSET client_min_messages TO 'panic'[0m
  [4;35;1mSQL (0.1ms)[0m   [0mSET client_min_messages TO 'error'[0m


Processing UserSessionsController#new (for 127.0.0.1 at 2009-08-26 14:53:36) [GET]
Rendering template within layouts/arsproject
Rendering user_sessions/new
Completed in 128ms (View: 85, DB: 0) | 200 OK [http://neo/login]
  [4;36;1mSQL (0.1ms)[0m   [0;1mSET client_min_messages TO 'panic'[0m
  [4;35;1mSQL (0.1ms)[0m   [0mSET client_min_messages TO 'error'[0m


Processing UserSessionsController#new (for 127.0.0.1 at 2009-08-26 14:53:44) [GET]
Rendering template within layouts/arsproject
Rendering user_sessions/new
Completed in 48ms (View: 6, DB: 0) | 200 OK [http://neo/login]
  [4;36;1mSQL (0.1ms)[0m   [0;1mSET client_min_messages TO 'panic'[0m
  [4;35;1mSQL (0.1ms)[0m   [0mSET client_min_messages TO 'error'[0m


Processing UserSessionsController#new (for 127.0.0.1 at 2009-08-26 14:53:59) [GET]
Rendering template within layouts/arsproject
Rendering user_sessions/new
Completed in 47ms (View: 3, DB: 0) | 200 OK [http://neo/login]
  [4;36;1mSQL (0.1ms)[0m   [0;1mSET client_min_messages TO 'panic'[0m
  [4;35;1mSQL (0.1ms)[0m   [0mSET client_min_messages TO 'error'[0m


Processing UserSessionsController#new (for 127.0.0.1 at 2009-08-26 14:54:16) [GET]
Rendering template within layouts/arsproject
Rendering user_sessions/new
Completed in 47ms (View: 3, DB: 0) | 200 OK [http://neo/login]
  [4;36;1mSQL (0.1ms)[0m   [0;1mSET client_min_messages TO 'panic'[0m
  [4;35;1mSQL (0.1ms)[0m   [0mSET client_min_messages TO 'error'[0m


Processing UserSessionsController#new (for 127.0.0.1 at 2009-08-26 14:54:26) [GET]
Rendering template within layouts/arsproject
Rendering user_sessions/new
Completed in 47ms (View: 3, DB: 0) | 200 OK [http://neo/login]
  [4;36;1mSQL (0.1ms)[0m   [0;1mSET client_min_messages TO 'panic'[0m
  [4;35;1mSQL (0.1ms)[0m   [0mSET client_min_messages TO 'error'[0m


Processing UserSessionsController#new (for 127.0.0.1 at 2009-08-26 14:54:33) [GET]
Rendering template within layouts/arsproject
Rendering user_sessions/new
Completed in 44ms (View: 3, DB: 0) | 200 OK [http://neo/login]
  [4;36;1mSQL (0.1ms)[0m   [0;1mSET client_min_messages TO 'panic'[0m
  [4;35;1mSQL (0.1ms)[0m   [0mSET client_min_messages TO 'error'[0m


Processing UserSessionsController#new (for 127.0.0.1 at 2009-08-26 14:54:42) [GET]
Rendering template within layouts/arsproject
Rendering user_sessions/new
Completed in 127ms (View: 4, DB: 0) | 200 OK [http://neo/login]
  [4;36;1mSQL (0.1ms)[0m   [0;1mSET client_min_messages TO 'panic'[0m
  [4;35;1mSQL (0.1ms)[0m   [0mSET client_min_messages TO 'error'[0m


Processing UserSessionsController#new (for 127.0.0.1 at 2009-08-26 14:55:31) [GET]
Rendering template within layouts/arsproject
Rendering user_sessions/new
Completed in 53ms (View: 4, DB: 0) | 200 OK [http://neo/login]
  [4;36;1mSQL (0.1ms)[0m   [0;1mSET client_min_messages TO 'panic'[0m
  [4;35;1mSQL (0.1ms)[0m   [0mSET client_min_messages TO 'error'[0m


Processing UserSessionsController#new (for 127.0.0.1 at 2009-08-26 14:55:44) [GET]
Rendering template within layouts/arsproject
Rendering user_sessions/new
Completed in 47ms (View: 4, DB: 0) | 200 OK [http://neo/login]
  [4;36;1mSQL (0.1ms)[0m   [0;1mSET client_min_messages TO 'panic'[0m
  [4;35;1mSQL (0.1ms)[0m   [0mSET client_min_messages TO 'error'[0m


Processing UserSessionsController#new (for 127.0.0.1 at 2009-08-26 14:55:56) [GET]
Rendering template within layouts/arsproject
Rendering user_sessions/new
Completed in 49ms (View: 7, DB: 0) | 200 OK [http://neo/login]
  [4;36;1mSQL (0.1ms)[0m   [0;1mSET client_min_messages TO 'panic'[0m
  [4;35;1mSQL (0.1ms)[0m   [0mSET client_min_messages TO 'error'[0m


Processing UsersController#new (for 127.0.0.1 at 2009-08-26 14:58:21) [GET]
Rendering template within layouts/arsproject
Rendering users/new
Rendered users/_form (7.9ms)
Completed in 58ms (View: 38, DB: 0) | 200 OK [http://neo/register]
  [4;36;1mSQL (0.1ms)[0m   [0;1mSET client_min_messages TO 'panic'[0m
  [4;35;1mSQL (0.2ms)[0m   [0mSET client_min_messages TO 'error'[0m


Processing UserSessionsController#new (for 127.0.0.1 at 2009-08-26 14:58:53) [GET]
Rendering template within layouts/arsproject
Rendering user_sessions/new
Completed in 48ms (View: 6, DB: 0) | 200 OK [http://neo/login]
  [4;36;1mSQL (0.2ms)[0m   [0;1mSET client_min_messages TO 'panic'[0m
  [4;35;1mSQL (0.1ms)[0m   [0mSET client_min_messages TO 'error'[0m


Processing UserSessionsController#new (for 127.0.0.1 at 2009-08-26 14:58:58) [GET]
Rendering template within layouts/arsproject
Rendering user_sessions/new
Completed in 26ms (View: 7, DB: 0) | 200 OK [http://neo/login]
  [4;36;1mSQL (0.1ms)[0m   [0;1mSET client_min_messages TO 'panic'[0m
  [4;35;1mSQL (0.1ms)[0m   [0mSET client_min_messages TO 'error'[0m


Processing UserSessionsController#new (for 127.0.0.1 at 2009-08-26 14:59:07) [GET]
Rendering template within layouts/arsproject
Rendering user_sessions/new
Completed in 46ms (View: 3, DB: 0) | 200 OK [http://neo/login]
  [4;36;1mSQL (0.1ms)[0m   [0;1mSET client_min_messages TO 'panic'[0m
  [4;35;1mSQL (0.1ms)[0m   [0mSET client_min_messages TO 'error'[0m


Processing UserSessionsController#new (for 127.0.0.1 at 2009-08-26 15:00:06) [GET]
Rendering template within layouts/arsproject
Rendering user_sessions/new
Completed in 48ms (View: 5, DB: 0) | 200 OK [http://neo/login]
  [4;36;1mSQL (0.1ms)[0m   [0;1mSET client_min_messages TO 'panic'[0m
  [4;35;1mSQL (0.1ms)[0m   [0mSET client_min_messages TO 'error'[0m


Processing UserSessionsController#new (for 127.0.0.1 at 2009-08-26 15:00:07) [GET]
Rendering template within layouts/arsproject
Rendering user_sessions/new
Completed in 49ms (View: 22, DB: 0) | 200 OK [http://neo/login]
  [4;36;1mSQL (0.1ms)[0m   [0;1mSET client_min_messages TO 'panic'[0m
  [4;35;1mSQL (0.1ms)[0m   [0mSET client_min_messages TO 'error'[0m


Processing UserSessionsController#new (for 127.0.0.1 at 2009-08-26 15:00:08) [GET]
Rendering template within layouts/arsproject
Rendering user_sessions/new
Completed in 48ms (View: 5, DB: 0) | 200 OK [http://neo/login]
  [4;36;1mSQL (0.1ms)[0m   [0;1mSET client_min_messages TO 'panic'[0m
  [4;35;1mSQL (0.1ms)[0m   [0mSET client_min_messages TO 'error'[0m


Processing UserSessionsController#new (for 127.0.0.1 at 2009-08-26 15:00:13) [GET]
Rendering template within layouts/arsproject
Rendering user_sessions/new
Completed in 46ms (View: 3, DB: 0) | 200 OK [http://neo/login]
  [4;36;1mSQL (0.1ms)[0m   [0;1mSET client_min_messages TO 'panic'[0m
  [4;35;1mSQL (0.1ms)[0m   [0mSET client_min_messages TO 'error'[0m


Processing UserSessionsController#new (for 127.0.0.1 at 2009-08-26 15:00:29) [GET]
Rendering template within layouts/arsproject
Rendering user_sessions/new
Completed in 27ms (View: 4, DB: 0) | 200 OK [http://neo/login]
  [4;36;1mSQL (0.1ms)[0m   [0;1mSET client_min_messages TO 'panic'[0m
  [4;35;1mSQL (0.1ms)[0m   [0mSET client_min_messages TO 'error'[0m


Processing UserSessionsController#new (for 127.0.0.1 at 2009-08-26 15:00:41) [GET]
Rendering template within layouts/arsproject
Rendering user_sessions/new
Completed in 47ms (View: 4, DB: 0) | 200 OK [http://neo/login]
  [4;36;1mSQL (0.1ms)[0m   [0;1mSET client_min_messages TO 'panic'[0m
  [4;35;1mSQL (0.1ms)[0m   [0mSET client_min_messages TO 'error'[0m


Processing UserSessionsController#new (for 127.0.0.1 at 2009-08-26 15:01:22) [GET]
Rendering template within layouts/arsproject
Rendering user_sessions/new
Completed in 47ms (View: 5, DB: 0) | 200 OK [http://neo/login]
  [4;36;1mSQL (0.1ms)[0m   [0;1mSET client_min_messages TO 'panic'[0m
  [4;35;1mSQL (0.1ms)[0m   [0mSET client_min_messages TO 'error'[0m


Processing UserSessionsController#new (for 127.0.0.1 at 2009-08-26 15:01:29) [GET]
Rendering template within layouts/arsproject
Rendering user_sessions/new
Completed in 45ms (View: 3, DB: 0) | 200 OK [http://neo/login]
  [4;36;1mSQL (0.1ms)[0m   [0;1mSET client_min_messages TO 'panic'[0m
  [4;35;1mSQL (0.1ms)[0m   [0mSET client_min_messages TO 'error'[0m


Processing UserSessionsController#new (for 127.0.0.1 at 2009-08-26 15:02:09) [GET]
Rendering template within layouts/arsproject
Rendering user_sessions/new
Completed in 27ms (View: 3, DB: 0) | 200 OK [http://neo/login]
  [4;36;1mSQL (0.1ms)[0m   [0;1mSET client_min_messages TO 'panic'[0m
  [4;35;1mSQL (0.1ms)[0m   [0mSET client_min_messages TO 'error'[0m


Processing UserSessionsController#new (for 127.0.0.1 at 2009-08-26 15:02:14) [GET]
Rendering template within layouts/arsproject
Rendering user_sessions/new
Completed in 45ms (View: 3, DB: 0) | 200 OK [http://neo/login]
  [4;36;1mSQL (0.1ms)[0m   [0;1mSET client_min_messages TO 'panic'[0m
  [4;35;1mSQL (0.1ms)[0m   [0mSET client_min_messages TO 'error'[0m


Processing UserSessionsController#new (for 127.0.0.1 at 2009-08-26 15:02:31) [GET]
Rendering template within layouts/arsproject
Rendering user_sessions/new
Completed in 25ms (View: 4, DB: 0) | 200 OK [http://neo/login]
  [4;36;1mSQL (0.1ms)[0m   [0;1mSET client_min_messages TO 'panic'[0m
  [4;35;1mSQL (0.2ms)[0m   [0mSET client_min_messages TO 'error'[0m


Processing UserSessionsController#new (for 127.0.0.1 at 2009-08-26 15:03:03) [GET]
Rendering template within layouts/arsproject
Rendering user_sessions/new
Completed in 46ms (View: 3, DB: 0) | 200 OK [http://neo/login]
  [4;36;1mSQL (0.1ms)[0m   [0;1mSET client_min_messages TO 'panic'[0m
  [4;35;1mSQL (0.1ms)[0m   [0mSET client_min_messages TO 'error'[0m


Processing UserSessionsController#new (for 127.0.0.1 at 2009-08-26 15:03:09) [GET]
Rendering template within layouts/arsproject
Rendering user_sessions/new
Completed in 47ms (View: 3, DB: 0) | 200 OK [http://neo/login]
  [4;36;1mSQL (0.1ms)[0m   [0;1mSET client_min_messages TO 'panic'[0m
  [4;35;1mSQL (0.1ms)[0m   [0mSET client_min_messages TO 'error'[0m


Processing UsersController#new (for 127.0.0.1 at 2009-08-26 15:03:10) [GET]
Rendering template within layouts/arsproject
Rendering users/new
Rendered users/_form (24.6ms)
Completed in 48ms (View: 26, DB: 0) | 200 OK [http://neo/register]
  [4;36;1mSQL (0.1ms)[0m   [0;1mSET client_min_messages TO 'panic'[0m
  [4;35;1mSQL (0.1ms)[0m   [0mSET client_min_messages TO 'error'[0m


Processing UsersController#new (for 127.0.0.1 at 2009-08-26 15:03:14) [GET]
Rendering template within layouts/arsproject
Rendering users/new
Rendered users/_form (6.2ms)
Completed in 46ms (View: 26, DB: 0) | 200 OK [http://neo/register]
  [4;36;1mSQL (0.1ms)[0m   [0;1mSET client_min_messages TO 'panic'[0m
  [4;35;1mSQL (0.1ms)[0m   [0mSET client_min_messages TO 'error'[0m


Processing UsersController#new (for 127.0.0.1 at 2009-08-26 15:03:17) [GET]
Rendering template within layouts/arsproject
Rendering users/new
Rendered users/_form (7.9ms)
Completed in 50ms (View: 29, DB: 0) | 200 OK [http://neo/register]
  [4;36;1mSQL (0.1ms)[0m   [0;1mSET client_min_messages TO 'panic'[0m
  [4;35;1mSQL (0.1ms)[0m   [0mSET client_min_messages TO 'error'[0m


Processing UserSessionsController#create (for 127.0.0.1 at 2009-08-26 15:03:24) [POST]
  Parameters: {"commit"=>"Submit", "user_session"=>{"username"=>"perlpimp", "password"=>"funtimes"}, "authenticity_token"=>"k79LefoqezfBr3VKbSutwMXyq1mx1ulSeiN47j8SIgk="}
  [4;36;1mUser Load (23.8ms)[0m   [0;1mSELECT * FROM "users" WHERE (LOWER("users".username) = E'perlpimp') LIMIT 1[0m
Rendering template within layouts/arsproject
Rendering user_sessions/new
Completed in 291ms (View: 11, DB: 24) | 200 OK [http://neo/user_sessions]
  [4;35;1mSQL (0.1ms)[0m   [0mSET client_min_messages TO 'panic'[0m
  [4;36;1mSQL (0.1ms)[0m   [0;1mSET client_min_messages TO 'error'[0m


Processing UsersController#new (for 127.0.0.1 at 2009-08-26 15:03:27) [GET]
Rendering template within layouts/arsproject
Rendering users/new
Rendered users/_form (8.4ms)
Completed in 47ms (View: 28, DB: 0) | 200 OK [http://neo/register]
  [4;35;1mSQL (0.1ms)[0m   [0mSET client_min_messages TO 'panic'[0m
  [4;36;1mSQL (0.1ms)[0m   [0;1mSET client_min_messages TO 'error'[0m


Processing UserSessionsController#create (for 127.0.0.1 at 2009-08-26 15:03:55) [POST]
  Parameters: {"commit"=>"Submit", "user_session"=>{"username"=>"perlpimp", "password"=>"funtimes"}, "authenticity_token"=>"k79LefoqezfBr3VKbSutwMXyq1mx1ulSeiN47j8SIgk="}
  [4;35;1mUser Load (1.0ms)[0m   [0mSELECT * FROM "users" WHERE (LOWER("users".username) = E'perlpimp') LIMIT 1[0m
Rendering template within layouts/arsproject
Rendering user_sessions/new
Completed in 34ms (View: 11, DB: 1) | 200 OK [http://neo/user_sessions]
  [4;36;1mSQL (0.1ms)[0m   [0;1mSET client_min_messages TO 'panic'[0m
  [4;35;1mSQL (0.1ms)[0m   [0mSET client_min_messages TO 'error'[0m


Processing UserSessionsController#create (for 127.0.0.1 at 2009-08-26 15:04:13) [POST]
  Parameters: {"commit"=>"Submit", "user_session"=>{"username"=>"perlpimp", "password"=>"funtimes"}, "authenticity_token"=>"k79LefoqezfBr3VKbSutwMXyq1mx1ulSeiN47j8SIgk="}
  [4;36;1mUser Load (1.0ms)[0m   [0;1mSELECT * FROM "users" WHERE (LOWER("users".username) = E'perlpimp') LIMIT 1[0m
Rendering template within layouts/arsproject
Rendering user_sessions/new
Completed in 57ms (View: 11, DB: 1) | 200 OK [http://neo/user_sessions]
  [4;35;1mSQL (0.1ms)[0m   [0mSET client_min_messages TO 'panic'[0m
  [4;36;1mSQL (0.1ms)[0m   [0;1mSET client_min_messages TO 'error'[0m


Processing UserSessionsController#create (for 127.0.0.1 at 2009-08-26 15:04:36) [POST]
  Parameters: {"commit"=>"Submit", "user_session"=>{"username"=>"perlpimp", "password"=>"funtimes"}, "authenticity_token"=>"k79LefoqezfBr3VKbSutwMXyq1mx1ulSeiN47j8SIgk="}
  [4;35;1mUser Load (1.1ms)[0m   [0mSELECT * FROM "users" WHERE (LOWER("users".username) = E'perlpimp') LIMIT 1[0m
Rendering template within layouts/arsproject
Rendering user_sessions/new
Completed in 61ms (View: 12, DB: 1) | 200 OK [http://neo/user_sessions]
  [4;36;1mSQL (0.1ms)[0m   [0;1mSET client_min_messages TO 'panic'[0m
  [4;35;1mSQL (0.1ms)[0m   [0mSET client_min_messages TO 'error'[0m


Processing UserSessionsController#create (for 127.0.0.1 at 2009-08-26 15:04:44) [POST]
  Parameters: {"commit"=>"Submit", "user_session"=>{"username"=>"perlpimp", "password"=>"funtimes"}, "authenticity_token"=>"k79LefoqezfBr3VKbSutwMXyq1mx1ulSeiN47j8SIgk="}
  [4;36;1mUser Load (0.9ms)[0m   [0;1mSELECT * FROM "users" WHERE (LOWER("users".username) = E'perlpimp') LIMIT 1[0m
Rendering template within layouts/arsproject
Rendering user_sessions/new
Completed in 55ms (View: 11, DB: 1) | 200 OK [http://neo/user_sessions]
  [4;35;1mSQL (0.1ms)[0m   [0mSET client_min_messages TO 'panic'[0m
  [4;36;1mSQL (0.1ms)[0m   [0;1mSET client_min_messages TO 'error'[0m


Processing UserSessionsController#create (for 127.0.0.1 at 2009-08-26 15:06:11) [POST]
  Parameters: {"commit"=>"Submit", "user_session"=>{"username"=>"perlpimp", "password"=>"funtimes"}, "authenticity_token"=>"k79LefoqezfBr3VKbSutwMXyq1mx1ulSeiN47j8SIgk="}
  [4;35;1mUser Load (1.6ms)[0m   [0mSELECT * FROM "users" WHERE (LOWER("users".username) = E'perlpimp') LIMIT 1[0m
Rendering template within layouts/arsproject
Rendering user_sessions/new
Completed in 43ms (View: 5, DB: 2) | 200 OK [http://neo/user_sessions]
  [4;36;1mSQL (0.1ms)[0m   [0;1mSET client_min_messages TO 'panic'[0m
  [4;35;1mSQL (0.1ms)[0m   [0mSET client_min_messages TO 'error'[0m


Processing UserSessionsController#create (for 127.0.0.1 at 2009-08-26 15:06:45) [POST]
  Parameters: {"commit"=>"Submit", "user_session"=>{"username"=>"perlpimp", "password"=>"funtimes"}, "authenticity_token"=>"k79LefoqezfBr3VKbSutwMXyq1mx1ulSeiN47j8SIgk="}
  [4;36;1mUser Load (1.0ms)[0m   [0;1mSELECT * FROM "users" WHERE (LOWER("users".username) = E'perlpimp') LIMIT 1[0m
Rendering template within layouts/arsproject
Rendering user_sessions/new
Completed in 38ms (View: 4, DB: 1) | 200 OK [http://neo/user_sessions]
  [4;35;1mSQL (0.1ms)[0m   [0mSET client_min_messages TO 'panic'[0m
  [4;36;1mSQL (0.1ms)[0m   [0;1mSET client_min_messages TO 'error'[0m


Processing UserSessionsController#create (for 127.0.0.1 at 2009-08-26 15:07:24) [POST]
  Parameters: {"commit"=>"Submit", "user_session"=>{"username"=>"perlpimp", "password"=>"funtimes"}, "authenticity_token"=>"k79LefoqezfBr3VKbSutwMXyq1mx1ulSeiN47j8SIgk="}
  [4;35;1mUser Load (1.4ms)[0m   [0mSELECT * FROM "users" WHERE (LOWER("users".username) = E'perlpimp') LIMIT 1[0m
Rendering template within layouts/arsproject
Rendering user_sessions/new
Completed in 46ms (View: 6, DB: 2) | 200 OK [http://neo/user_sessions]
  [4;36;1mSQL (0.1ms)[0m   [0;1mSET client_min_messages TO 'panic'[0m
  [4;35;1mSQL (0.1ms)[0m   [0mSET client_min_messages TO 'error'[0m


Processing UserSessionsController#create (for 127.0.0.1 at 2009-08-26 15:07:41) [POST]
  Parameters: {"commit"=>"Submit", "user_session"=>{"username"=>"perlpimp", "password"=>"funtimes"}, "authenticity_token"=>"k79LefoqezfBr3VKbSutwMXyq1mx1ulSeiN47j8SIgk="}
  [4;36;1mUser Load (3.7ms)[0m   [0;1mSELECT * FROM "users" WHERE (LOWER("users".username) = E'perlpimp') LIMIT 1[0m
Rendering template within layouts/arsproject
Rendering user_sessions/new
Completed in 43ms (View: 6, DB: 4) | 200 OK [http://neo/user_sessions]
  [4;35;1mSQL (0.1ms)[0m   [0mSET client_min_messages TO 'panic'[0m
  [4;36;1mSQL (0.1ms)[0m   [0;1mSET client_min_messages TO 'error'[0m


Processing UserSessionsController#create (for 127.0.0.1 at 2009-08-26 15:07:56) [POST]
  Parameters: {"commit"=>"Submit", "user_session"=>{"username"=>"perlpimp", "password"=>"funtimes"}, "authenticity_token"=>"k79LefoqezfBr3VKbSutwMXyq1mx1ulSeiN47j8SIgk="}
  [4;35;1mUser Load (1.4ms)[0m   [0mSELECT * FROM "users" WHERE (LOWER("users".username) = E'perlpimp') LIMIT 1[0m
Rendering template within layouts/arsproject
Rendering user_sessions/new
Completed in 40ms (View: 6, DB: 2) | 200 OK [http://neo/user_sessions]
  [4;36;1mSQL (0.1ms)[0m   [0;1mSET client_min_messages TO 'panic'[0m
  [4;35;1mSQL (0.1ms)[0m   [0mSET client_min_messages TO 'error'[0m


Processing UserSessionsController#create (for 127.0.0.1 at 2009-08-26 15:08:18) [POST]
  Parameters: {"commit"=>"Submit", "user_session"=>{"username"=>"perlpimp", "password"=>"funtimes"}, "authenticity_token"=>"k79LefoqezfBr3VKbSutwMXyq1mx1ulSeiN47j8SIgk="}
  [4;36;1mUser Load (1.5ms)[0m   [0;1mSELECT * FROM "users" WHERE (LOWER("users".username) = E'perlpimp') LIMIT 1[0m
Rendering template within layouts/arsproject
Rendering user_sessions/new
Completed in 40ms (View: 5, DB: 2) | 200 OK [http://neo/user_sessions]
  [4;35;1mSQL (0.1ms)[0m   [0mSET client_min_messages TO 'panic'[0m
  [4;36;1mSQL (0.1ms)[0m   [0;1mSET client_min_messages TO 'error'[0m


Processing UserSessionsController#create (for 127.0.0.1 at 2009-08-26 15:08:43) [POST]
  Parameters: {"commit"=>"Submit", "user_session"=>{"username"=>"perlpimp", "password"=>"funtimes"}, "authenticity_token"=>"k79LefoqezfBr3VKbSutwMXyq1mx1ulSeiN47j8SIgk="}
  [4;35;1mUser Load (0.9ms)[0m   [0mSELECT * FROM "users" WHERE (LOWER("users".username) = E'perlpimp') LIMIT 1[0m
Rendering template within layouts/arsproject
Rendering user_sessions/new
Completed in 41ms (View: 6, DB: 1) | 200 OK [http://neo/user_sessions]
  [4;36;1mSQL (0.1ms)[0m   [0;1mSET client_min_messages TO 'panic'[0m
  [4;35;1mSQL (0.1ms)[0m   [0mSET client_min_messages TO 'error'[0m


Processing UserSessionsController#create (for 127.0.0.1 at 2009-08-26 15:09:05) [POST]
  Parameters: {"commit"=>"Submit", "user_session"=>{"username"=>"perlpimp", "password"=>"funtimes"}, "authenticity_token"=>"k79LefoqezfBr3VKbSutwMXyq1mx1ulSeiN47j8SIgk="}
  [4;36;1mUser Load (0.9ms)[0m   [0;1mSELECT * FROM "users" WHERE (LOWER("users".username) = E'perlpimp') LIMIT 1[0m
Rendering template within layouts/arsproject
Rendering user_sessions/new
Completed in 42ms (View: 6, DB: 1) | 200 OK [http://neo/user_sessions]
  [4;35;1mSQL (0.1ms)[0m   [0mSET client_min_messages TO 'panic'[0m
  [4;36;1mSQL (0.1ms)[0m   [0;1mSET client_min_messages TO 'error'[0m


Processing UserSessionsController#create (for 127.0.0.1 at 2009-08-26 15:09:28) [POST]
  Parameters: {"commit"=>"Submit", "user_session"=>{"username"=>"perlpimp", "password"=>"funtimes"}, "authenticity_token"=>"k79LefoqezfBr3VKbSutwMXyq1mx1ulSeiN47j8SIgk="}
  [4;35;1mUser Load (0.9ms)[0m   [0mSELECT * FROM "users" WHERE (LOWER("users".username) = E'perlpimp') LIMIT 1[0m
Rendering template within layouts/arsproject
Rendering user_sessions/new
Completed in 43ms (View: 7, DB: 1) | 200 OK [http://neo/user_sessions]
  [4;36;1mSQL (0.1ms)[0m   [0;1mSET client_min_messages TO 'panic'[0m
  [4;35;1mSQL (0.1ms)[0m   [0mSET client_min_messages TO 'error'[0m


Processing UserSessionsController#create (for 127.0.0.1 at 2009-08-26 15:10:43) [POST]
  Parameters: {"commit"=>"Submit", "user_session"=>{"username"=>"perlpimp", "password"=>"funtimes"}, "authenticity_token"=>"k79LefoqezfBr3VKbSutwMXyq1mx1ulSeiN47j8SIgk="}
  [4;36;1mUser Load (1.2ms)[0m   [0;1mSELECT * FROM "users" WHERE (LOWER("users".username) = E'perlpimp') LIMIT 1[0m
Rendering template within layouts/arsproject
Rendering user_sessions/new
Completed in 39ms (View: 5, DB: 1) | 200 OK [http://neo/user_sessions]
  [4;35;1mSQL (0.1ms)[0m   [0mSET client_min_messages TO 'panic'[0m
  [4;36;1mSQL (0.1ms)[0m   [0;1mSET client_min_messages TO 'error'[0m


Processing UserSessionsController#create (for 127.0.0.1 at 2009-08-26 15:10:52) [POST]
  Parameters: {"commit"=>"Submit", "user_session"=>{"username"=>"perlpimp", "password"=>"funtimes"}, "authenticity_token"=>"k79LefoqezfBr3VKbSutwMXyq1mx1ulSeiN47j8SIgk="}
  [4;35;1mUser Load (1.2ms)[0m   [0mSELECT * FROM "users" WHERE (LOWER("users".username) = E'perlpimp') LIMIT 1[0m
Rendering template within layouts/arsproject
Rendering user_sessions/new
Completed in 39ms (View: 6, DB: 1) | 200 OK [http://neo/user_sessions]
  [4;36;1mSQL (0.1ms)[0m   [0;1mSET client_min_messages TO 'panic'[0m
  [4;35;1mSQL (0.1ms)[0m   [0mSET client_min_messages TO 'error'[0m


Processing ProjectsController#index (for 127.0.0.1 at 2009-08-26 15:10:57) [GET]
Redirected to http://neo:1212/login
Filter chain halted as [:authenticate] rendered_or_redirected.
Completed in 23ms (DB: 0) | 302 Found [http://neo/]
  [4;36;1mSQL (0.1ms)[0m   [0;1mSET client_min_messages TO 'panic'[0m
  [4;35;1mSQL (0.1ms)[0m   [0mSET client_min_messages TO 'error'[0m


Processing UserSessionsController#new (for 127.0.0.1 at 2009-08-26 15:10:57) [GET]
Rendering template within layouts/arsproject
Rendering user_sessions/new
Completed in 127ms (View: 3, DB: 0) | 200 OK [http://neo/login]
  [4;36;1mSQL (0.1ms)[0m   [0;1mSET client_min_messages TO 'panic'[0m
  [4;35;1mSQL (0.1ms)[0m   [0mSET client_min_messages TO 'error'[0m


Processing UserSessionsController#new (for 127.0.0.1 at 2009-08-26 15:11:04) [GET]
Rendering template within layouts/arsproject
Rendering user_sessions/new
Completed in 48ms (View: 3, DB: 0) | 200 OK [http://neo/login]
  [4;36;1mSQL (0.1ms)[0m   [0;1mSET client_min_messages TO 'panic'[0m
  [4;35;1mSQL (0.1ms)[0m   [0mSET client_min_messages TO 'error'[0m


Processing UserSessionsController#new (for 127.0.0.1 at 2009-08-26 15:11:14) [GET]
Rendering template within layouts/arsproject
Rendering user_sessions/new
Completed in 50ms (View: 4, DB: 0) | 200 OK [http://neo/login]
  [4;36;1mSQL (0.1ms)[0m   [0;1mSET client_min_messages TO 'panic'[0m
  [4;35;1mSQL (0.1ms)[0m   [0mSET client_min_messages TO 'error'[0m


Processing UserSessionsController#new (for 127.0.0.1 at 2009-08-26 15:11:28) [GET]
Rendering template within layouts/arsproject
Rendering user_sessions/new
Completed in 46ms (View: 3, DB: 0) | 200 OK [http://neo/login]
  [4;36;1mSQL (0.1ms)[0m   [0;1mSET client_min_messages TO 'panic'[0m
  [4;35;1mSQL (0.1ms)[0m   [0mSET client_min_messages TO 'error'[0m


Processing UserSessionsController#new (for 127.0.0.1 at 2009-08-26 15:11:55) [GET]
Rendering template within layouts/arsproject
Rendering user_sessions/new
Completed in 50ms (View: 8, DB: 0) | 200 OK [http://neo/login]
  [4;36;1mSQL (0.1ms)[0m   [0;1mSET client_min_messages TO 'panic'[0m
  [4;35;1mSQL (0.1ms)[0m   [0mSET client_min_messages TO 'error'[0m


Processing UserSessionsController#new (for 127.0.0.1 at 2009-08-26 15:12:34) [GET]
Rendering template within layouts/arsproject
Rendering user_sessions/new
Completed in 37ms (View: 12, DB: 0) | 200 OK [http://neo/login]
  [4;36;1mSQL (0.1ms)[0m   [0;1mSET client_min_messages TO 'panic'[0m
  [4;35;1mSQL (0.1ms)[0m   [0mSET client_min_messages TO 'error'[0m


Processing UserSessionsController#new (for 127.0.0.1 at 2009-08-26 15:13:02) [GET]
Rendering template within layouts/arsproject
Rendering user_sessions/new
Completed in 27ms (View: 4, DB: 0) | 200 OK [http://neo/login]
  [4;36;1mSQL (0.1ms)[0m   [0;1mSET client_min_messages TO 'panic'[0m
  [4;35;1mSQL (0.1ms)[0m   [0mSET client_min_messages TO 'error'[0m


Processing UserSessionsController#new (for 127.0.0.1 at 2009-08-26 15:13:16) [GET]
Rendering template within layouts/arsproject
Rendering user_sessions/new
Completed in 47ms (View: 3, DB: 0) | 200 OK [http://neo/login]
  [4;36;1mSQL (0.1ms)[0m   [0;1mSET client_min_messages TO 'panic'[0m
  [4;35;1mSQL (0.1ms)[0m   [0mSET client_min_messages TO 'error'[0m


Processing UserSessionsController#new (for 127.0.0.1 at 2009-08-26 15:13:17) [GET]
Rendering template within layouts/arsproject
Rendering user_sessions/new
Completed in 48ms (View: 5, DB: 0) | 200 OK [http://neo/login]
  [4;36;1mSQL (0.1ms)[0m   [0;1mSET client_min_messages TO 'panic'[0m
  [4;35;1mSQL (0.1ms)[0m   [0mSET client_min_messages TO 'error'[0m


Processing UserSessionsController#new (for 127.0.0.1 at 2009-08-26 15:13:21) [GET]
Rendering template within layouts/arsproject
Rendering user_sessions/new
Completed in 46ms (View: 3, DB: 0) | 200 OK [http://neo/login]
  [4;36;1mSQL (0.1ms)[0m   [0;1mSET client_min_messages TO 'panic'[0m
  [4;35;1mSQL (0.1ms)[0m   [0mSET client_min_messages TO 'error'[0m


Processing UserSessionsController#new (for 127.0.0.1 at 2009-08-26 15:13:26) [GET]
Rendering template within layouts/arsproject
Rendering user_sessions/new
Completed in 47ms (View: 3, DB: 0) | 200 OK [http://neo/login]
  [4;36;1mSQL (0.2ms)[0m   [0;1mSET client_min_messages TO 'panic'[0m
  [4;35;1mSQL (0.1ms)[0m   [0mSET client_min_messages TO 'error'[0m


Processing UserSessionsController#new (for 127.0.0.1 at 2009-08-26 15:13:49) [GET]
Rendering template within layouts/arsproject
Rendering user_sessions/new
Completed in 45ms (View: 4, DB: 0) | 200 OK [http://neo/login]
  [4;36;1mSQL (0.1ms)[0m   [0;1mSET client_min_messages TO 'panic'[0m
  [4;35;1mSQL (0.1ms)[0m   [0mSET client_min_messages TO 'error'[0m


Processing UserSessionsController#new (for 127.0.0.1 at 2009-08-26 15:14:02) [GET]
Rendering template within layouts/arsproject
Rendering user_sessions/new
Completed in 28ms (View: 3, DB: 0) | 200 OK [http://neo/login]
  [4;36;1mSQL (0.1ms)[0m   [0;1mSET client_min_messages TO 'panic'[0m
  [4;35;1mSQL (0.1ms)[0m   [0mSET client_min_messages TO 'error'[0m


Processing UserSessionsController#new (for 127.0.0.1 at 2009-08-26 15:14:11) [GET]
Rendering template within layouts/arsproject
Rendering user_sessions/new
Completed in 46ms (View: 3, DB: 0) | 200 OK [http://neo/login]
  [4;36;1mSQL (0.1ms)[0m   [0;1mSET client_min_messages TO 'panic'[0m
  [4;35;1mSQL (0.1ms)[0m   [0mSET client_min_messages TO 'error'[0m


Processing UserSessionsController#new (for 127.0.0.1 at 2009-08-26 15:14:22) [GET]
Rendering template within layouts/arsproject
Rendering user_sessions/new
Completed in 47ms (View: 6, DB: 0) | 200 OK [http://neo/login]
  [4;36;1mSQL (0.1ms)[0m   [0;1mSET client_min_messages TO 'panic'[0m
  [4;35;1mSQL (0.1ms)[0m   [0mSET client_min_messages TO 'error'[0m


Processing UserSessionsController#new (for 127.0.0.1 at 2009-08-26 15:14:23) [GET]
Rendering template within layouts/arsproject
Rendering user_sessions/new
Completed in 46ms (View: 5, DB: 0) | 200 OK [http://neo/login]
  [4;36;1mSQL (0.1ms)[0m   [0;1mSET client_min_messages TO 'panic'[0m
  [4;35;1mSQL (0.1ms)[0m   [0mSET client_min_messages TO 'error'[0m


Processing UserSessionsController#new (for 127.0.0.1 at 2009-08-26 15:15:15) [GET]
Rendering template within layouts/arsproject
Rendering user_sessions/new
Completed in 45ms (View: 20, DB: 0) | 200 OK [http://neo/login]
  [4;36;1mSQL (0.1ms)[0m   [0;1mSET client_min_messages TO 'panic'[0m
  [4;35;1mSQL (0.1ms)[0m   [0mSET client_min_messages TO 'error'[0m


Processing UserSessionsController#new (for 127.0.0.1 at 2009-08-26 15:15:33) [GET]
Rendering template within layouts/arsproject
Rendering user_sessions/new
Completed in 47ms (View: 6, DB: 0) | 200 OK [http://neo/login]
  [4;36;1mSQL (0.1ms)[0m   [0;1mSET client_min_messages TO 'panic'[0m
  [4;35;1mSQL (0.1ms)[0m   [0mSET client_min_messages TO 'error'[0m


Processing UserSessionsController#new (for 127.0.0.1 at 2009-08-26 15:16:13) [GET]
Rendering template within layouts/arsproject
Rendering user_sessions/new
Completed in 51ms (View: 6, DB: 0) | 200 OK [http://neo/login]
  [4;36;1mSQL (0.1ms)[0m   [0;1mSET client_min_messages TO 'panic'[0m
  [4;35;1mSQL (0.1ms)[0m   [0mSET client_min_messages TO 'error'[0m


Processing UserSessionsController#new (for 127.0.0.1 at 2009-08-26 15:16:31) [GET]
Rendering template within layouts/arsproject
Rendering user_sessions/new
Completed in 48ms (View: 6, DB: 0) | 200 OK [http://neo/login]
  [4;36;1mSQL (0.1ms)[0m   [0;1mSET client_min_messages TO 'panic'[0m
  [4;35;1mSQL (0.1ms)[0m   [0mSET client_min_messages TO 'error'[0m


Processing UserSessionsController#new (for 127.0.0.1 at 2009-08-26 15:16:32) [GET]
Rendering template within layouts/arsproject
Rendering user_sessions/new
Completed in 47ms (View: 4, DB: 0) | 200 OK [http://neo/login]
  [4;36;1mSQL (0.1ms)[0m   [0;1mSET client_min_messages TO 'panic'[0m
  [4;35;1mSQL (0.1ms)[0m   [0mSET client_min_messages TO 'error'[0m


Processing UserSessionsController#new (for 127.0.0.1 at 2009-08-26 15:17:33) [GET]
Rendering template within layouts/arsproject
Rendering user_sessions/new
Completed in 32ms (View: 3, DB: 0) | 200 OK [http://neo/login]
  [4;36;1mSQL (0.1ms)[0m   [0;1mSET client_min_messages TO 'panic'[0m
  [4;35;1mSQL (0.1ms)[0m   [0mSET client_min_messages TO 'error'[0m


Processing UsersController#new (for 127.0.0.1 at 2009-08-26 15:17:37) [GET]
Rendering template within layouts/arsproject
Rendering users/new
Rendered users/_form (23.6ms)
Completed in 49ms (View: 27, DB: 0) | 200 OK [http://neo/register]
  [4;36;1mSQL (0.1ms)[0m   [0;1mSET client_min_messages TO 'panic'[0m
  [4;35;1mSQL (0.1ms)[0m   [0mSET client_min_messages TO 'error'[0m


Processing UsersController#new (for 127.0.0.1 at 2009-08-26 15:17:47) [GET]
Rendering template within layouts/arsproject
Rendering users/new
Rendered users/_form (8.0ms)
Completed in 48ms (View: 27, DB: 0) | 200 OK [http://neo/register]
  [4;36;1mSQL (0.1ms)[0m   [0;1mSET client_min_messages TO 'panic'[0m
  [4;35;1mSQL (0.1ms)[0m   [0mSET client_min_messages TO 'error'[0m


Processing UsersController#create (for 127.0.0.1 at 2009-08-26 15:18:03) [POST]
  Parameters: {"user"=>{"password_confirmation"=>"hackme12", "username"=>"pavel", "password"=>"hackme12", "email"=>"pavel@md5.ca"}, "commit"=>"Submit", "authenticity_token"=>"k79LefoqezfBr3VKbSutwMXyq1mx1ulSeiN47j8SIgk="}
WARNING: Can't mass-assign these protected attributes: password_confirmation

NoMethodError (undefined method `persistence_token=' for #<User:0xb6f81c5c>):
  authlogic (2.1.1) lib/authlogic/acts_as_authentic/persistence_token.rb:50:in `reset_persistence_token'
  authlogic (2.1.1) lib/authlogic/acts_as_authentic/password.rb:188:in `after_password_set'
  authlogic (2.1.1) lib/authlogic/acts_as_authentic/password.rb:231:in `password='
  app/controllers/users_controller.rb:7:in `new'
  app/controllers/users_controller.rb:7:in `create'
  /usr/lib/ruby/1.8/webrick/httpserver.rb:104:in `service'
  /usr/lib/ruby/1.8/webrick/httpserver.rb:65:in `run'
  /usr/lib/ruby/1.8/webrick/server.rb:173:in `start_thread'
  /usr/lib/ruby/1.8/webrick/server.rb:162:in `start'
  /usr/lib/ruby/1.8/webrick/server.rb:162:in `start_thread'
  /usr/lib/ruby/1.8/webrick/server.rb:95:in `start'
  /usr/lib/ruby/1.8/webrick/server.rb:92:in `each'
  /usr/lib/ruby/1.8/webrick/server.rb:92:in `start'
  /usr/lib/ruby/1.8/webrick/server.rb:23:in `start'
  /usr/lib/ruby/1.8/webrick/server.rb:82:in `start'

Rendered rescues/_trace (60.4ms)
Rendered rescues/_request_and_response (2.5ms)
Rendering rescues/layout (internal_server_error)
  [4;36;1mSQL (0.1ms)[0m   [0;1mSET client_min_messages TO 'panic'[0m
  [4;35;1mSQL (0.1ms)[0m   [0mSET client_min_messages TO 'error'[0m


Processing UsersController#create (for 127.0.0.1 at 2009-08-26 15:19:09) [POST]
  Parameters: {"user"=>{"password_confirmation"=>"hackme12", "username"=>"pavel", "password"=>"hackme12", "email"=>"pavel@md5.ca"}, "commit"=>"Submit", "authenticity_token"=>"k79LefoqezfBr3VKbSutwMXyq1mx1ulSeiN47j8SIgk="}
WARNING: Can't mass-assign these protected attributes: password_confirmation

NoMethodError (undefined method `persistence_token=' for #<User:0xb6d73834>):
  authlogic (2.1.1) lib/authlogic/acts_as_authentic/persistence_token.rb:50:in `reset_persistence_token'
  authlogic (2.1.1) lib/authlogic/acts_as_authentic/password.rb:188:in `after_password_set'
  authlogic (2.1.1) lib/authlogic/acts_as_authentic/password.rb:231:in `password='
  app/controllers/users_controller.rb:7:in `new'
  app/controllers/users_controller.rb:7:in `create'
  /usr/lib/ruby/1.8/webrick/httpserver.rb:104:in `service'
  /usr/lib/ruby/1.8/webrick/httpserver.rb:65:in `run'
  /usr/lib/ruby/1.8/webrick/server.rb:173:in `start_thread'
  /usr/lib/ruby/1.8/webrick/server.rb:162:in `start'
  /usr/lib/ruby/1.8/webrick/server.rb:162:in `start_thread'
  /usr/lib/ruby/1.8/webrick/server.rb:95:in `start'
  /usr/lib/ruby/1.8/webrick/server.rb:92:in `each'
  /usr/lib/ruby/1.8/webrick/server.rb:92:in `start'
  /usr/lib/ruby/1.8/webrick/server.rb:23:in `start'
  /usr/lib/ruby/1.8/webrick/server.rb:82:in `start'

Rendered rescues/_trace (134.2ms)
Rendered rescues/_request_and_response (3.2ms)
Rendering rescues/layout (internal_server_error)
